2017-09-18 15:37:46 =SUPERVISOR REPORT====
     Supervisor: {local,'Elixir.Logger.Supervisor'}
     Context:    child_terminated
     Reason:     normal
     Offender:   [{pid,<0.171.0>},{id,'Elixir.Logger.ErrorHandler'},{mfargs,{'Elixir.Logger.Watcher',start_link,[{error_logger,'Elixir.Logger.ErrorHandler',{true,false,500}}]}},{restart_type,permanent},{shutdown,5000},{child_type,worker}]

2017-09-18 15:38:47 =SUPERVISOR REPORT====
     Supervisor: {local,'Elixir.Logger.Supervisor'}
     Context:    child_terminated
     Reason:     normal
     Offender:   [{pid,<0.160.0>},{id,'Elixir.Logger.ErrorHandler'},{mfargs,{'Elixir.Logger.Watcher',start_link,[{error_logger,'Elixir.Logger.ErrorHandler',{true,false,500}}]}},{restart_type,permanent},{shutdown,5000},{child_type,worker}]

2017-09-18 15:41:33 =SUPERVISOR REPORT====
     Supervisor: {local,'Elixir.Logger.Supervisor'}
     Context:    child_terminated
     Reason:     normal
     Offender:   [{pid,<0.160.0>},{id,'Elixir.Logger.ErrorHandler'},{mfargs,{'Elixir.Logger.Watcher',start_link,[{error_logger,'Elixir.Logger.ErrorHandler',{true,false,500}}]}},{restart_type,permanent},{shutdown,5000},{child_type,worker}]

2017-09-18 15:47:02 =SUPERVISOR REPORT====
     Supervisor: {local,'Elixir.Logger.Supervisor'}
     Context:    child_terminated
     Reason:     normal
     Offender:   [{pid,<0.160.0>},{id,'Elixir.Logger.ErrorHandler'},{mfargs,{'Elixir.Logger.Watcher',start_link,[{error_logger,'Elixir.Logger.ErrorHandler',{true,false,500}}]}},{restart_type,permanent},{shutdown,5000},{child_type,worker}]

2017-09-18 15:48:40 =SUPERVISOR REPORT====
     Supervisor: {local,'Elixir.Logger.Supervisor'}
     Context:    child_terminated
     Reason:     normal
     Offender:   [{pid,<0.160.0>},{id,'Elixir.Logger.ErrorHandler'},{mfargs,{'Elixir.Logger.Watcher',start_link,[{error_logger,'Elixir.Logger.ErrorHandler',{true,false,500}}]}},{restart_type,permanent},{shutdown,5000},{child_type,worker}]

2017-09-18 15:49:20 =SUPERVISOR REPORT====
     Supervisor: {local,'Elixir.Logger.Supervisor'}
     Context:    child_terminated
     Reason:     normal
     Offender:   [{pid,<0.160.0>},{id,'Elixir.Logger.ErrorHandler'},{mfargs,{'Elixir.Logger.Watcher',start_link,[{error_logger,'Elixir.Logger.ErrorHandler',{true,false,500}}]}},{restart_type,permanent},{shutdown,5000},{child_type,worker}]

2017-09-18 15:50:04 =SUPERVISOR REPORT====
     Supervisor: {local,'Elixir.Logger.Supervisor'}
     Context:    child_terminated
     Reason:     normal
     Offender:   [{pid,<0.160.0>},{id,'Elixir.Logger.ErrorHandler'},{mfargs,{'Elixir.Logger.Watcher',start_link,[{error_logger,'Elixir.Logger.ErrorHandler',{true,false,500}}]}},{restart_type,permanent},{shutdown,5000},{child_type,worker}]

2017-09-18 15:51:16 =SUPERVISOR REPORT====
     Supervisor: {local,'Elixir.Logger.Supervisor'}
     Context:    child_terminated
     Reason:     normal
     Offender:   [{pid,<0.160.0>},{id,'Elixir.Logger.ErrorHandler'},{mfargs,{'Elixir.Logger.Watcher',start_link,[{error_logger,'Elixir.Logger.ErrorHandler',{true,false,500}}]}},{restart_type,permanent},{shutdown,5000},{child_type,worker}]

2017-09-18 15:51:39 =SUPERVISOR REPORT====
     Supervisor: {local,'Elixir.Logger.Supervisor'}
     Context:    child_terminated
     Reason:     normal
     Offender:   [{pid,<0.160.0>},{id,'Elixir.Logger.ErrorHandler'},{mfargs,{'Elixir.Logger.Watcher',start_link,[{error_logger,'Elixir.Logger.ErrorHandler',{true,false,500}}]}},{restart_type,permanent},{shutdown,5000},{child_type,worker}]

